<?xml version="1.0" encoding="UTF-8"?>
<!-- Generated by org.testng.reporters.JUnitXMLReporter -->
<testsuite hostname="Pravin-PC" ignored="0" name="Default test" tests="3" failures="0" timestamp="22 Mar 2019 09:36:04 GMT" time="125.783" errors="0">
  <testcase name="customerOperations" time="6.298" classname="com.qa.tests.CustomersFiltersTest"/>
  <testcase name="searchUsersUsingDateFilter" time="1.929" classname="com.qa.tests.CustomersFiltersTest"/>
  <testcase name="resetFiltersSelected" time="3.457" classname="com.qa.tests.CustomersFiltersTest"/>
</testsuite> <!-- Default test -->
